Performing C SOURCE FILE Test _GLFW_HAS_64ASLR failed with the following output:
Change Dir: C:/Users/18432/Desktop/medoing/game/cmake-build-debug/CMakeFiles/CMakeTmp

Run Build Command(s):C:/Users/18432/meow/bin/mingw32-make.exe cmTC_cd97e/fast && C:/Users/18432/meow/bin/mingw32-make.exe  -f CMakeFiles\cmTC_cd97e.dir\build.make CMakeFiles/cmTC_cd97e.dir/build
mingw32-make.exe[1]: Entering directory 'C:/Users/18432/Desktop/medoing/game/cmake-build-debug/CMakeFiles/CMakeTmp'
Building C object CMakeFiles/cmTC_cd97e.dir/src.c.obj
C:\Users\18432\meow\bin\gcc.exe   -fno-strict-aliasing -Werror=implicit-function-declaration -Werror=pointer-arith  -D_GLFW_HAS_64ASLR -Wl,--high-entropy-va   -o CMakeFiles\cmTC_cd97e.dir\src.c.obj   -c C:\Users\18432\Desktop\medoing\game\cmake-build-debug\CMakeFiles\CMakeTmp\src.c
Linking C executable cmTC_cd97e.exe
"C:\Program Files\JetBrains\CLion 2020.3.1\bin\cmake\win\bin\cmake.exe" -E cmake_link_script CMakeFiles\cmTC_cd97e.dir\link.txt --verbose=1
"C:\Program Files\JetBrains\CLion 2020.3.1\bin\cmake\win\bin\cmake.exe" -E rm -f CMakeFiles\cmTC_cd97e.dir/objects.a
C:\Users\18432\meow\bin\ar.exe cr CMakeFiles\cmTC_cd97e.dir/objects.a @CMakeFiles\cmTC_cd97e.dir\objects1.rsp
C:\Users\18432\meow\bin\gcc.exe -fno-strict-aliasing -Werror=implicit-function-declaration -Werror=pointer-arith  -D_GLFW_HAS_64ASLR -Wl,--high-entropy-va    -Wl,--whole-archive CMakeFiles\cmTC_cd97e.dir/objects.a -Wl,--no-whole-archive  -o cmTC_cd97e.exe -Wl,--out-implib,libcmTC_cd97e.dll.a -Wl,--major-image-version,0,--minor-image-version,0 @CMakeFiles\cmTC_cd97e.dir\linklibs.rsp
c:/users/18432/meow/bin/../lib/gcc/i686-w64-mingw32/4.8.3/../../../../i686-w64-mingw32/bin/ld.exe: unrecognized option '--high-entropy-va'
c:/users/18432/meow/bin/../lib/gcc/i686-w64-mingw32/4.8.3/../../../../i686-w64-mingw32/bin/ld.exe: use the --help option for usage information
collect2.exe: error: ld returned 1 exit status
CMakeFiles\cmTC_cd97e.dir\build.make:107: recipe for target 'cmTC_cd97e.exe' failed
mingw32-make.exe[1]: *** [cmTC_cd97e.exe] Error 1
mingw32-make.exe[1]: Leaving directory 'C:/Users/18432/Desktop/medoing/game/cmake-build-debug/CMakeFiles/CMakeTmp'
Makefile:140: recipe for target 'cmTC_cd97e/fast' failed
mingw32-make.exe: *** [cmTC_cd97e/fast] Error 2


Source file was:
int main(void) { return 0; }
